[2021-06-13 14:04:12Z INFO HostContext] No proxy settings were found based on environmental variables (http_proxy/https_proxy/HTTP_PROXY/HTTPS_PROXY)
[2021-06-13 14:04:12Z INFO HostContext] Well known directory 'Bin': 'D:\My Projects\contacts\actions-runner\bin'
[2021-06-13 14:04:12Z INFO HostContext] Well known directory 'Root': 'D:\My Projects\contacts\actions-runner'
[2021-06-13 14:04:12Z INFO HostContext] Well known config file 'Credentials': 'D:\My Projects\contacts\actions-runner\.credentials'
[2021-06-13 14:04:12Z INFO Listener] Runner is built for Windows (X64) - win-x64.
[2021-06-13 14:04:12Z INFO Listener] RuntimeInformation: Microsoft Windows 10.0.19043.
[2021-06-13 14:04:12Z INFO Listener] Version: 2.278.0
[2021-06-13 14:04:12Z INFO Listener] Commit: 62d926efce35d3ea16d7624a25aaa5b300737def
[2021-06-13 14:04:12Z INFO Listener] Culture: en-US
[2021-06-13 14:04:12Z INFO Listener] UI Culture: en-US
[2021-06-13 14:04:12Z INFO HostContext] Well known directory 'Bin': 'D:\My Projects\contacts\actions-runner\bin'
[2021-06-13 14:04:12Z INFO HostContext] Well known directory 'Root': 'D:\My Projects\contacts\actions-runner'
[2021-06-13 14:04:12Z INFO Listener] Validating directory permissions for: 'D:\My Projects\contacts\actions-runner'
[2021-06-13 14:04:12Z INFO CommandLineParser] Parse
[2021-06-13 14:04:12Z INFO CommandLineParser] Parsing 5 args
[2021-06-13 14:04:12Z INFO CommandLineParser] parsing argument
[2021-06-13 14:04:12Z INFO CommandLineParser] HasArgs: False
[2021-06-13 14:04:12Z INFO CommandLineParser] Adding Command: configure
[2021-06-13 14:04:12Z INFO CommandLineParser] parsing argument
[2021-06-13 14:04:12Z INFO CommandLineParser] HasArgs: True
[2021-06-13 14:04:12Z INFO CommandLineParser] arg: url
[2021-06-13 14:04:12Z INFO CommandLineParser] parsing argument
[2021-06-13 14:04:12Z INFO CommandLineParser] HasArgs: True
[2021-06-13 14:04:12Z INFO CommandLineParser] Adding option 'url': 'https://github.com/Yogeshraj/contacts'
[2021-06-13 14:04:12Z INFO CommandLineParser] parsing argument
[2021-06-13 14:04:12Z INFO CommandLineParser] HasArgs: True
[2021-06-13 14:04:12Z INFO CommandLineParser] arg: token
[2021-06-13 14:04:12Z INFO CommandLineParser] parsing argument
[2021-06-13 14:04:12Z INFO CommandLineParser] HasArgs: True
[2021-06-13 14:04:12Z INFO CommandLineParser] Adding option 'token': '***'
[2021-06-13 14:04:12Z INFO Listener] Arguments parsed
[2021-06-13 14:04:12Z INFO Runner] ExecuteCommand
[2021-06-13 14:04:12Z INFO ConfigurationStore] currentAssemblyLocation: D:\My Projects\contacts\actions-runner\bin\Runner.Listener.dll
[2021-06-13 14:04:12Z INFO HostContext] Well known directory 'Bin': 'D:\My Projects\contacts\actions-runner\bin'
[2021-06-13 14:04:12Z INFO ConfigurationStore] binPath: D:\My Projects\contacts\actions-runner\bin
[2021-06-13 14:04:12Z INFO HostContext] Well known directory 'Bin': 'D:\My Projects\contacts\actions-runner\bin'
[2021-06-13 14:04:12Z INFO HostContext] Well known directory 'Root': 'D:\My Projects\contacts\actions-runner'
[2021-06-13 14:04:12Z INFO ConfigurationStore] RootFolder: D:\My Projects\contacts\actions-runner
[2021-06-13 14:04:12Z INFO HostContext] Well known directory 'Bin': 'D:\My Projects\contacts\actions-runner\bin'
[2021-06-13 14:04:12Z INFO HostContext] Well known directory 'Root': 'D:\My Projects\contacts\actions-runner'
[2021-06-13 14:04:12Z INFO HostContext] Well known config file 'Runner': 'D:\My Projects\contacts\actions-runner\.runner'
[2021-06-13 14:04:12Z INFO ConfigurationStore] ConfigFilePath: D:\My Projects\contacts\actions-runner\.runner
[2021-06-13 14:04:12Z INFO HostContext] Well known directory 'Bin': 'D:\My Projects\contacts\actions-runner\bin'
[2021-06-13 14:04:12Z INFO HostContext] Well known directory 'Root': 'D:\My Projects\contacts\actions-runner'
[2021-06-13 14:04:12Z INFO HostContext] Well known config file 'Credentials': 'D:\My Projects\contacts\actions-runner\.credentials'
[2021-06-13 14:04:12Z INFO ConfigurationStore] CredFilePath: D:\My Projects\contacts\actions-runner\.credentials
[2021-06-13 14:04:12Z INFO HostContext] Well known directory 'Bin': 'D:\My Projects\contacts\actions-runner\bin'
[2021-06-13 14:04:12Z INFO HostContext] Well known directory 'Root': 'D:\My Projects\contacts\actions-runner'
[2021-06-13 14:04:12Z INFO HostContext] Well known config file 'MigratedCredentials': 'D:\My Projects\contacts\actions-runner\.credentials_migrated'
[2021-06-13 14:04:12Z INFO ConfigurationStore] MigratedCredFilePath: D:\My Projects\contacts\actions-runner\.credentials_migrated
[2021-06-13 14:04:12Z INFO HostContext] Well known directory 'Bin': 'D:\My Projects\contacts\actions-runner\bin'
[2021-06-13 14:04:12Z INFO HostContext] Well known directory 'Root': 'D:\My Projects\contacts\actions-runner'
[2021-06-13 14:04:12Z INFO HostContext] Well known config file 'Service': 'D:\My Projects\contacts\actions-runner\.service'
[2021-06-13 14:04:12Z INFO ConfigurationStore] ServiceConfigFilePath: D:\My Projects\contacts\actions-runner\.service
[2021-06-13 14:04:12Z INFO CommandSettings] Flag 'help': 'False'
[2021-06-13 14:04:12Z INFO CommandSettings] Flag 'version': 'False'
[2021-06-13 14:04:12Z INFO CommandSettings] Flag 'commit': 'False'
[2021-06-13 14:04:12Z INFO CommandSettings] Flag 'check': 'False'
[2021-06-13 14:04:12Z INFO CommandSettings] Command 'configure': 'True'
[2021-06-13 14:04:12Z INFO Terminal] WRITE LINE: 
[2021-06-13 14:04:12Z INFO Terminal] WRITE LINE: --------------------------------------------------------------------------------
[2021-06-13 14:04:12Z INFO Terminal] WRITE LINE: |        ____ _ _   _   _       _          _        _   _                      |
[2021-06-13 14:04:12Z INFO Terminal] WRITE LINE: |       / ___(_) |_| | | |_   _| |__      / \   ___| |_(_) ___  _ __  ___      |
[2021-06-13 14:04:12Z INFO Terminal] WRITE LINE: |      | |  _| | __| |_| | | | | '_ \    / _ \ / __| __| |/ _ \| '_ \/ __|     |
[2021-06-13 14:04:12Z INFO Terminal] WRITE LINE: |      | |_| | | |_|  _  | |_| | |_) |  / ___ \ (__| |_| | (_) | | | \__ \     |
[2021-06-13 14:04:12Z INFO Terminal] WRITE LINE: |       \____|_|\__|_| |_|\__,_|_.__/  /_/   \_\___|\__|_|\___/|_| |_|___/     |
[2021-06-13 14:04:12Z INFO Terminal] WRITE LINE: |                                                                              |
[2021-06-13 14:04:12Z INFO Terminal] WRITE: |                       
[2021-06-13 14:04:12Z INFO Terminal] WRITE: Self-hosted runner registration
[2021-06-13 14:04:12Z INFO Terminal] WRITE LINE:                         |
[2021-06-13 14:04:12Z INFO Terminal] WRITE LINE: |                                                                              |
[2021-06-13 14:04:12Z INFO Terminal] WRITE LINE: --------------------------------------------------------------------------------
[2021-06-13 14:04:12Z INFO ConfigurationManager] ConfigureAsync
[2021-06-13 14:04:12Z INFO ConfigurationStore] IsConfigured()
[2021-06-13 14:04:12Z INFO ConfigurationStore] IsConfigured: False
[2021-06-13 14:04:12Z INFO ConfigurationManager] Is configured: False
[2021-06-13 14:04:12Z INFO CommandSettings] Arg 'url': 'https://github.com/Yogeshraj/contacts'
[2021-06-13 14:04:12Z INFO CommandSettings] Remove url from Arg dictionary.
[2021-06-13 14:04:12Z INFO CommandSettings] Arg 'token': '***'
[2021-06-13 14:04:12Z INFO CommandSettings] Remove token from Arg dictionary.
[2021-06-13 14:04:13Z INFO ConfigurationManager] Http response code: OK from 'POST https://api.github.com/actions/runner-registration'
[2021-06-13 14:04:13Z INFO ConfigurationManager] cred retrieved via GitHub auth
[2021-06-13 14:04:13Z INFO RunnerServer] Establish connection with 100 seconds timeout.
[2021-06-13 14:04:13Z INFO GitHubActionsService] Starting operation Location.GetConnectionData
[2021-06-13 14:04:13Z INFO RunnerServer] Establish connection with 60 seconds timeout.
[2021-06-13 14:04:13Z INFO GitHubActionsService] Starting operation Location.GetConnectionData
[2021-06-13 14:04:13Z INFO RunnerServer] Establish connection with 60 seconds timeout.
[2021-06-13 14:04:13Z INFO GitHubActionsService] Starting operation Location.GetConnectionData
[2021-06-13 14:04:14Z INFO GitHubActionsService] Finished operation Location.GetConnectionData
[2021-06-13 14:04:14Z INFO GitHubActionsService] Finished operation Location.GetConnectionData
[2021-06-13 14:04:14Z INFO GitHubActionsService] Finished operation Location.GetConnectionData
[2021-06-13 14:04:14Z INFO Terminal] WRITE LINE: 
[2021-06-13 14:04:14Z INFO ConfigurationManager] Test Connection complete.
[2021-06-13 14:04:14Z INFO HostContext] Well known directory 'Bin': 'D:\My Projects\contacts\actions-runner\bin'
[2021-06-13 14:04:14Z INFO HostContext] Well known directory 'Root': 'D:\My Projects\contacts\actions-runner'
[2021-06-13 14:04:14Z INFO HostContext] Well known config file 'RSACredentials': 'D:\My Projects\contacts\actions-runner\.credentials_rsaparams'
[2021-06-13 14:04:14Z INFO RSAEncryptedFileKeyManager] Creating new RSA key using 2048-bit key length
[2021-06-13 14:04:14Z INFO RSAEncryptedFileKeyManager] Successfully saved RSA key parameters to file D:\My Projects\contacts\actions-runner\.credentials_rsaparams
[2021-06-13 14:04:15Z INFO ConfigurationManager] Found a self-hosted runner group with id {1} and name {2} 1, Default
[2021-06-13 14:04:15Z INFO CommandSettings] Arg 'name': ''
[2021-06-13 14:04:15Z INFO CommandSettings] Flag 'unattended': 'False'
[2021-06-13 14:04:15Z INFO PromptManager] ReadValue
[2021-06-13 14:04:15Z INFO Terminal] WRITE: Enter the name of runner: 
[2021-06-13 14:04:15Z INFO Terminal] WRITE: [press Enter for YOGESH] 
[2021-06-13 14:04:15Z INFO Terminal] READ LINE
[2021-06-13 14:04:23Z INFO Terminal] Read value: ''
[2021-06-13 14:04:23Z INFO PromptManager] Falling back to the default: 'YOGESH'
[2021-06-13 14:04:23Z INFO Terminal] WRITE LINE: 
[2021-06-13 14:04:23Z INFO CommandSettings] Arg 'labels': ''
[2021-06-13 14:04:23Z INFO CommandSettings] Flag 'unattended': 'False'
[2021-06-13 14:04:23Z INFO PromptManager] ReadValue
[2021-06-13 14:04:23Z INFO Terminal] WRITE: This runner will have the following labels: 'self-hosted', 'Windows', 'X64' 
Enter any additional labels (ex. label-1,label-2): 
[2021-06-13 14:04:23Z INFO Terminal] WRITE: [press Enter to skip] 
[2021-06-13 14:04:23Z INFO Terminal] READ LINE
[2021-06-13 14:04:29Z INFO Terminal] Read value: ''
[2021-06-13 14:04:29Z INFO Terminal] WRITE LINE: 
[2021-06-13 14:04:30Z INFO ConfigurationStore] Saving OAuth credential @ D:\My Projects\contacts\actions-runner\.credentials
[2021-06-13 14:04:30Z INFO ConfigurationStore] Credentials Saved.
[2021-06-13 14:04:30Z INFO ConfigurationStore] HasCredentials()
[2021-06-13 14:04:30Z INFO ConfigurationStore] stored True
[2021-06-13 14:04:30Z INFO CredentialManager] GetCredentialProvider
[2021-06-13 14:04:30Z INFO CredentialManager] Creating type OAuth
[2021-06-13 14:04:30Z INFO CredentialManager] Creating credential type: OAuth
[2021-06-13 14:04:30Z INFO RSAEncryptedFileKeyManager] Loading RSA key parameters from file D:\My Projects\contacts\actions-runner\.credentials_rsaparams
[2021-06-13 14:04:30Z INFO RunnerServer] Establish connection with 100 seconds timeout.
[2021-06-13 14:04:30Z INFO GitHubActionsService] Starting operation Location.GetConnectionData
[2021-06-13 14:04:30Z INFO RunnerServer] Establish connection with 60 seconds timeout.
[2021-06-13 14:04:30Z INFO GitHubActionsService] Starting operation Location.GetConnectionData
[2021-06-13 14:04:30Z INFO RunnerServer] Establish connection with 60 seconds timeout.
[2021-06-13 14:04:30Z INFO GitHubActionsService] Starting operation Location.GetConnectionData
[2021-06-13 14:04:30Z INFO GitHubActionsService] Finished operation Location.GetConnectionData
[2021-06-13 14:04:30Z INFO GitHubActionsService] Finished operation Location.GetConnectionData
[2021-06-13 14:04:30Z INFO GitHubActionsService] Finished operation Location.GetConnectionData
[2021-06-13 14:04:31Z WARN GitHubActionsService] Authentication failed with status code 401.
Transfer-Encoding: chunked
WWW-Authenticate: Bearer
Strict-Transport-Security: max-age=2592000
X-TFS-ProcessId: 7b754d2a-c6cb-4067-aa4c-38363138fde1
ActivityId: a93b9923-e8c3-4619-8d21-ce6457152ceb
X-TFS-Session: b1246c66-d8a2-495b-88ec-3208335b3d04
X-VSS-E2EID: 73dc2e00-38e6-495f-b13f-08be778aeb1c
X-VSS-SenderDeploymentId: 2c974d96-2c30-cef5-eff2-3e0511a903a5
X-TFS-ServiceError: The+user+%27System%3aPublicAccess%3baaaaaaaa-aaaa-aaaa-aaaa-aaaaaaaaaaaa%27+is+not+authorized+to+access+this+resource.
X-VSS-S2STargetService: 0000005A-0000-8888-8000-000000000000/visualstudio.com
X-Cache: CONFIG_NOCACHE
X-MSEdge-Ref: Ref A: 55627726073540E8BD4101CB1D7D713A Ref B: MAA01EDGE0505 Ref C: 2021-06-13T14:05:53Z
Date: Sun, 13 Jun 2021 14:05:52 GMT

[2021-06-13 14:04:31Z INFO RSAEncryptedFileKeyManager] Loading RSA key parameters from file D:\My Projects\contacts\actions-runner\.credentials_rsaparams
[2021-06-13 14:04:31Z INFO RSAEncryptedFileKeyManager] Loading RSA key parameters from file D:\My Projects\contacts\actions-runner\.credentials_rsaparams
[2021-06-13 14:04:32Z INFO GitHubActionsService] AAD Correlation ID for this token request: Unknown
[2021-06-13 14:04:32Z INFO CommandSettings] Arg 'work': ''
[2021-06-13 14:04:32Z INFO CommandSettings] Flag 'unattended': 'False'
[2021-06-13 14:04:32Z INFO PromptManager] ReadValue
[2021-06-13 14:04:32Z INFO Terminal] WRITE: Enter name of work folder: 
[2021-06-13 14:04:32Z INFO Terminal] WRITE: [press Enter for _work] 
[2021-06-13 14:04:32Z INFO Terminal] READ LINE
[2021-06-13 14:05:54Z INFO Terminal] Read value: 'testing'
[2021-06-13 14:05:54Z INFO ConfigurationStore] Saving runner settings.
[2021-06-13 14:05:54Z INFO ConfigurationStore] Settings Saved.
[2021-06-13 14:05:54Z INFO Terminal] WRITE LINE: 
[2021-06-13 14:05:54Z INFO Terminal] WRITE LINE: 
[2021-06-13 14:05:54Z INFO CommandSettings] Flag 'runasservice': 'False'
[2021-06-13 14:05:54Z INFO CommandSettings] Flag 'unattended': 'False'
[2021-06-13 14:05:54Z INFO PromptManager] ReadValue
[2021-06-13 14:05:54Z INFO Terminal] WRITE: Would you like to run the runner as service? (Y/N) 
[2021-06-13 14:05:54Z INFO Terminal] WRITE: [press Enter for N] 
[2021-06-13 14:05:54Z INFO Terminal] READ LINE
[2021-06-13 14:06:10Z INFO Terminal] Read value: 'Y'
[2021-06-13 14:06:10Z INFO ConfigurationManager] Configuring to run the agent as service
[2021-06-13 14:06:10Z ERR  WindowsServiceControlManager] Needs Administrator privileges for configure runner as windows service.
[2021-06-13 14:06:10Z ERR  Runner] System.Security.SecurityException: Needs Administrator privileges for configuring runner as windows service.
   at GitHub.Runner.Listener.Configuration.WindowsServiceControlManager.ConfigureService(RunnerSettings settings, CommandSettings command)
   at GitHub.Runner.Listener.Configuration.ConfigurationManager.ConfigureAsync(CommandSettings command)
   at GitHub.Runner.Listener.Runner.ExecuteCommand(CommandSettings command)
[2021-06-13 14:06:10Z ERR  Terminal] WRITE ERROR: Needs Administrator privileges for configuring runner as windows service.
[2021-06-13 14:06:10Z INFO Listener] Runner execution has finished with return code 1
