[2021-06-13 14:06:28Z INFO HostContext] No proxy settings were found based on environmental variables (http_proxy/https_proxy/HTTP_PROXY/HTTPS_PROXY)
[2021-06-13 14:06:28Z INFO HostContext] Well known directory 'Bin': 'D:\My Projects\contacts\actions-runner\bin'
[2021-06-13 14:06:28Z INFO HostContext] Well known directory 'Root': 'D:\My Projects\contacts\actions-runner'
[2021-06-13 14:06:28Z INFO HostContext] Well known config file 'Credentials': 'D:\My Projects\contacts\actions-runner\.credentials'
[2021-06-13 14:06:28Z INFO Listener] Runner is built for Windows (X64) - win-x64.
[2021-06-13 14:06:28Z INFO Listener] RuntimeInformation: Microsoft Windows 10.0.19043.
[2021-06-13 14:06:28Z INFO Listener] Version: 2.278.0
[2021-06-13 14:06:28Z INFO Listener] Commit: 62d926efce35d3ea16d7624a25aaa5b300737def
[2021-06-13 14:06:28Z INFO Listener] Culture: en-US
[2021-06-13 14:06:28Z INFO Listener] UI Culture: en-US
[2021-06-13 14:06:28Z INFO HostContext] Well known directory 'Bin': 'D:\My Projects\contacts\actions-runner\bin'
[2021-06-13 14:06:28Z INFO HostContext] Well known directory 'Root': 'D:\My Projects\contacts\actions-runner'
[2021-06-13 14:06:28Z INFO Listener] Validating directory permissions for: 'D:\My Projects\contacts\actions-runner'
[2021-06-13 14:06:28Z INFO CommandLineParser] Parse
[2021-06-13 14:06:28Z INFO CommandLineParser] Parsing 1 args
[2021-06-13 14:06:28Z INFO CommandLineParser] parsing argument
[2021-06-13 14:06:28Z INFO CommandLineParser] HasArgs: False
[2021-06-13 14:06:28Z INFO CommandLineParser] Adding Command: run
[2021-06-13 14:06:28Z INFO Listener] Arguments parsed
[2021-06-13 14:06:28Z INFO Runner] ExecuteCommand
[2021-06-13 14:06:28Z INFO ConfigurationStore] currentAssemblyLocation: D:\My Projects\contacts\actions-runner\bin\Runner.Listener.dll
[2021-06-13 14:06:28Z INFO HostContext] Well known directory 'Bin': 'D:\My Projects\contacts\actions-runner\bin'
[2021-06-13 14:06:28Z INFO ConfigurationStore] binPath: D:\My Projects\contacts\actions-runner\bin
[2021-06-13 14:06:28Z INFO HostContext] Well known directory 'Bin': 'D:\My Projects\contacts\actions-runner\bin'
[2021-06-13 14:06:28Z INFO HostContext] Well known directory 'Root': 'D:\My Projects\contacts\actions-runner'
[2021-06-13 14:06:28Z INFO ConfigurationStore] RootFolder: D:\My Projects\contacts\actions-runner
[2021-06-13 14:06:28Z INFO HostContext] Well known directory 'Bin': 'D:\My Projects\contacts\actions-runner\bin'
[2021-06-13 14:06:28Z INFO HostContext] Well known directory 'Root': 'D:\My Projects\contacts\actions-runner'
[2021-06-13 14:06:28Z INFO HostContext] Well known config file 'Runner': 'D:\My Projects\contacts\actions-runner\.runner'
[2021-06-13 14:06:28Z INFO ConfigurationStore] ConfigFilePath: D:\My Projects\contacts\actions-runner\.runner
[2021-06-13 14:06:28Z INFO HostContext] Well known directory 'Bin': 'D:\My Projects\contacts\actions-runner\bin'
[2021-06-13 14:06:28Z INFO HostContext] Well known directory 'Root': 'D:\My Projects\contacts\actions-runner'
[2021-06-13 14:06:28Z INFO HostContext] Well known config file 'Credentials': 'D:\My Projects\contacts\actions-runner\.credentials'
[2021-06-13 14:06:28Z INFO ConfigurationStore] CredFilePath: D:\My Projects\contacts\actions-runner\.credentials
[2021-06-13 14:06:28Z INFO HostContext] Well known directory 'Bin': 'D:\My Projects\contacts\actions-runner\bin'
[2021-06-13 14:06:28Z INFO HostContext] Well known directory 'Root': 'D:\My Projects\contacts\actions-runner'
[2021-06-13 14:06:28Z INFO HostContext] Well known config file 'MigratedCredentials': 'D:\My Projects\contacts\actions-runner\.credentials_migrated'
[2021-06-13 14:06:28Z INFO ConfigurationStore] MigratedCredFilePath: D:\My Projects\contacts\actions-runner\.credentials_migrated
[2021-06-13 14:06:28Z INFO HostContext] Well known directory 'Bin': 'D:\My Projects\contacts\actions-runner\bin'
[2021-06-13 14:06:28Z INFO HostContext] Well known directory 'Root': 'D:\My Projects\contacts\actions-runner'
[2021-06-13 14:06:28Z INFO HostContext] Well known config file 'Service': 'D:\My Projects\contacts\actions-runner\.service'
[2021-06-13 14:06:28Z INFO ConfigurationStore] ServiceConfigFilePath: D:\My Projects\contacts\actions-runner\.service
[2021-06-13 14:06:28Z INFO CommandSettings] Flag 'help': 'False'
[2021-06-13 14:06:28Z INFO CommandSettings] Flag 'version': 'False'
[2021-06-13 14:06:28Z INFO CommandSettings] Flag 'commit': 'False'
[2021-06-13 14:06:28Z INFO CommandSettings] Flag 'check': 'False'
[2021-06-13 14:06:28Z INFO CommandSettings] Command 'configure': 'False'
[2021-06-13 14:06:28Z INFO CommandSettings] Command 'remove': 'False'
[2021-06-13 14:06:28Z INFO CommandSettings] Command 'warmup': 'False'
[2021-06-13 14:06:28Z INFO ConfigurationManager] LoadSettings
[2021-06-13 14:06:28Z INFO ConfigurationStore] IsConfigured()
[2021-06-13 14:06:28Z INFO ConfigurationStore] IsConfigured: True
[2021-06-13 14:06:28Z INFO ConfigurationManager] Is configured: True
[2021-06-13 14:06:28Z INFO ConfigurationStore] Read setting file: 292 chars
[2021-06-13 14:06:28Z INFO ConfigurationManager] Settings Loaded
[2021-06-13 14:06:28Z INFO ConfigurationStore] IsServiceConfigured()
[2021-06-13 14:06:28Z INFO ConfigurationStore] IsServiceConfigured: False
[2021-06-13 14:06:28Z INFO CommandSettings] Command 'run': 'True'
[2021-06-13 14:06:28Z INFO ConfigurationStore] IsConfigured()
[2021-06-13 14:06:28Z INFO ConfigurationStore] IsConfigured: True
[2021-06-13 14:06:28Z INFO ConfigurationManager] Is configured: True
[2021-06-13 14:06:28Z INFO Runner] Could not parse the argument value '' for StartupType. Defaulting to Manual
[2021-06-13 14:06:28Z INFO Runner] Set runner startup type - Manual
[2021-06-13 14:06:28Z INFO CommandSettings] Flag 'once': 'False'
[2021-06-13 14:06:28Z INFO Runner] RunAsync
[2021-06-13 14:06:28Z INFO ConfigurationManager] LoadSettings
[2021-06-13 14:06:28Z INFO ConfigurationStore] IsConfigured()
[2021-06-13 14:06:28Z INFO ConfigurationStore] IsConfigured: True
[2021-06-13 14:06:28Z INFO ConfigurationManager] Is configured: True
[2021-06-13 14:06:28Z INFO ConfigurationManager] Settings Loaded
[2021-06-13 14:06:28Z INFO MessageListener] {
  "AgentId": 21,
  "AgentName": "YOGESH",
  "PoolId": 1,
  "PoolName": "Default",
  "ServerUrl": "https://pipelines.actions.githubusercontent.com/MJzWJGtsPYEJhuyi3sRBN96XHT1Y98Jt56tTVRELqly7MHfBsr",
  "GitHubUrl": "https://github.com/Yogeshraj/contacts",
  "WorkFolder": "testing"
}
[2021-06-13 14:06:28Z INFO MessageListener] Loading Credentials
[2021-06-13 14:06:28Z INFO ConfigurationStore] HasCredentials()
[2021-06-13 14:06:28Z INFO ConfigurationStore] stored True
[2021-06-13 14:06:28Z INFO CredentialManager] GetCredentialProvider
[2021-06-13 14:06:28Z INFO CredentialManager] Creating type OAuth
[2021-06-13 14:06:28Z INFO CredentialManager] Creating credential type: OAuth
[2021-06-13 14:06:28Z INFO HostContext] Well known directory 'Bin': 'D:\My Projects\contacts\actions-runner\bin'
[2021-06-13 14:06:28Z INFO HostContext] Well known directory 'Root': 'D:\My Projects\contacts\actions-runner'
[2021-06-13 14:06:28Z INFO HostContext] Well known config file 'RSACredentials': 'D:\My Projects\contacts\actions-runner\.credentials_rsaparams'
[2021-06-13 14:06:28Z INFO RSAEncryptedFileKeyManager] Loading RSA key parameters from file D:\My Projects\contacts\actions-runner\.credentials_rsaparams
[2021-06-13 14:06:28Z INFO MessageListener] Attempt to create session.
[2021-06-13 14:06:28Z INFO MessageListener] Connecting to the Runner Server...
[2021-06-13 14:06:28Z INFO RunnerServer] Establish connection with 100 seconds timeout.
[2021-06-13 14:06:28Z INFO GitHubActionsService] Starting operation Location.GetConnectionData
[2021-06-13 14:06:28Z INFO RunnerServer] Establish connection with 60 seconds timeout.
[2021-06-13 14:06:28Z INFO GitHubActionsService] Starting operation Location.GetConnectionData
[2021-06-13 14:06:28Z INFO RunnerServer] Establish connection with 60 seconds timeout.
[2021-06-13 14:06:28Z INFO GitHubActionsService] Starting operation Location.GetConnectionData
[2021-06-13 14:06:28Z INFO GitHubActionsService] Finished operation Location.GetConnectionData
[2021-06-13 14:06:29Z INFO GitHubActionsService] Finished operation Location.GetConnectionData
[2021-06-13 14:06:29Z INFO GitHubActionsService] Finished operation Location.GetConnectionData
[2021-06-13 14:06:29Z INFO MessageListener] VssConnection created
[2021-06-13 14:06:29Z INFO Terminal] WRITE LINE: 
[2021-06-13 14:06:29Z INFO Terminal] WRITE LINE: 
[2021-06-13 14:06:29Z WARN GitHubActionsService] Authentication failed with status code 401.
Transfer-Encoding: chunked
WWW-Authenticate: Bearer
Strict-Transport-Security: max-age=2592000
X-TFS-ProcessId: 86732ae4-e71f-4d93-ab18-8be229d619e4
ActivityId: a392b79c-5757-4972-95b9-845c397452a8
X-TFS-Session: 47df1f55-d6f8-436d-9f87-1e0b24bceaf0
X-VSS-E2EID: 4200060a-610a-4d89-b96d-984aaccffe23
X-VSS-SenderDeploymentId: 2c974d96-2c30-cef5-eff2-3e0511a903a5
X-TFS-ServiceError: The+user+%27System%3aPublicAccess%3baaaaaaaa-aaaa-aaaa-aaaa-aaaaaaaaaaaa%27+is+not+authorized+to+access+this+resource.
X-VSS-S2STargetService: 0000005A-0000-8888-8000-000000000000/visualstudio.com
X-Cache: CONFIG_NOCACHE
X-MSEdge-Ref: Ref A: D2D5C26562FD41F5A115039C9AF9BB97 Ref B: MAA01EDGE0719 Ref C: 2021-06-13T14:07:51Z
Date: Sun, 13 Jun 2021 14:07:51 GMT

[2021-06-13 14:06:29Z INFO RSAEncryptedFileKeyManager] Loading RSA key parameters from file D:\My Projects\contacts\actions-runner\.credentials_rsaparams
[2021-06-13 14:06:29Z INFO RSAEncryptedFileKeyManager] Loading RSA key parameters from file D:\My Projects\contacts\actions-runner\.credentials_rsaparams
[2021-06-13 14:06:30Z INFO GitHubActionsService] AAD Correlation ID for this token request: Unknown
[2021-06-13 14:06:31Z INFO MessageListener] Session created.
[2021-06-13 14:06:31Z INFO Terminal] WRITE LINE: 2021-06-13 14:06:31Z: Listening for Jobs
[2021-06-13 14:06:31Z INFO JobDispatcher] Set runner/worker IPC timeout to 30 seconds.
